<?xml version="1.0" encoding="UTF-8"?>
<testng-results ignored="0" total="1" passed="1" failed="0" skipped="0">
  <reporter-output>
  </reporter-output>
  <suite started-at="2026-02-14T08:43:23 IST" name="Default suite" finished-at="2026-02-14T08:43:43 IST" duration-ms="19358">
    <groups>
      <group name="cucumber">
        <method signature="AbstractTestNGCucumberTests.runScenario(io.cucumber.testng.PickleWrapper,io.cucumber.testng.FeatureWrapper)[pri:0, instance:TestRunner.testrunner1@2aceadd4]" name="runScenario" class="io.cucumber.testng.AbstractTestNGCucumberTests"/>
      </group> <!-- cucumber -->
    </groups>
    <test started-at="2026-02-14T08:43:23 IST" name="Default test" finished-at="2026-02-14T08:43:43 IST" duration-ms="19358">
      <class name="TestRunner.testrunner1">
        <test-method is-config="true" signature="setUpClass(org.testng.ITestContext)[pri:0, instance:TestRunner.testrunner1@2aceadd4]" started-at="2026-02-14T08:43:23 IST" name="setUpClass" finished-at="2026-02-14T08:43:24 IST" duration-ms="576" status="PASS">
          <params>
            <param index="0">
              <value>
                <![CDATA[org.testng.TestRunner@38ed139b]]>
              </value>
            </param>
          </params>
          <reporter-output>
          </reporter-output>
        </test-method> <!-- setUpClass -->
        <test-method signature="runScenario(io.cucumber.testng.PickleWrapper,io.cucumber.testng.FeatureWrapper)[pri:0, instance:TestRunner.testrunner1@2aceadd4]" started-at="2026-02-14T08:43:24 IST" name="runScenario" description="Runs Cucumber Scenarios" data-provider="scenarios" finished-at="2026-02-14T08:43:43 IST" duration-ms="18680" status="PASS">
          <params>
            <param index="0">
              <value>
                <![CDATA["Checking positive login functionality"]]>
              </value>
            </param>
            <param index="1">
              <value>
                <![CDATA["Checking login feature"]]>
              </value>
            </param>
          </params>
          <reporter-output>
          </reporter-output>
        </test-method> <!-- runScenario -->
        <test-method is-config="true" signature="tearDownClass()[pri:0, instance:TestRunner.testrunner1@2aceadd4]" started-at="2026-02-14T08:43:43 IST" name="tearDownClass" finished-at="2026-02-14T08:43:43 IST" duration-ms="62" status="PASS">
          <reporter-output>
          </reporter-output>
        </test-method> <!-- tearDownClass -->
      </class> <!-- TestRunner.testrunner1 -->
    </test> <!-- Default test -->
  </suite> <!-- Default suite -->
</testng-results>
