<?xml version="1.0" encoding="UTF-8"?>
<!-- Generated by org.testng.reporters.JUnitReportReporter -->
<testsuite hostname="DESKTOP-HAIIK4K" failures="0" tests="1" name="TestRunner.testrunner4" time="1.755" errors="1" timestamp="2026-04-21T20:43:45 IST" skipped="0">
  <testcase classname="TestRunner.testrunner4" name="runScenario" time="1.755">
    <error message="Cannot invoke &quot;org.openqa.selenium.support.ui.WebDriverWait.until(java.util.function.Function)&quot; because &quot;this.wait&quot; is null" type="java.lang.NullPointerException">
      <![CDATA[java.lang.NullPointerException: Cannot invoke "org.openqa.selenium.support.ui.WebDriverWait.until(java.util.function.Function)" because "this.wait" is null
at Pages.MainClass.step1(MainClass.java:24)
at StepDefinition.twentyoneapril.user_adds_phone(twentyoneapril.java:15)
at ✽.user adds phone(file:///C:/Users/PC/git/AutomationTestStore/AutomationTestStore/src/test/resources/Feature/Newtest.feature:3)
]]>
    </error>
  </testcase> <!-- runScenario -->
</testsuite> <!-- TestRunner.testrunner4 -->
