<?xml version="1.0" encoding="UTF-8"?>
<!-- Generated by org.testng.reporters.JUnitReportReporter -->
<testsuite hostname="DESKTOP-HAIIK4K" failures="0" tests="3" name="StepDefinition.iframepractice" time="6.343" errors="0" timestamp="2026-02-24T08:49:25 IST" skipped="0">
  <testcase classname="StepDefinition.iframepractice" name="firstmethod" time="2.274"/>
  <system-out/>
  <testcase classname="StepDefinition.iframepractice" name="secondmethod" time="2.038"/>
  <system-out/>
  <testcase classname="StepDefinition.iframepractice" name="thirdmethod" time="2.031"/>
  <system-out/>
</testsuite> <!-- StepDefinition.iframepractice -->
