<?xml version="1.0" encoding="UTF-8"?>
<!-- Generated by org.testng.reporters.JUnitReportReporter -->
<testsuite hostname="DESKTOP-HAIIK4K" failures="0" tests="3" name="StepDefinition.iframeandalerts" time="7.943" errors="0" timestamp="2026-05-07T20:44:51 IST" skipped="0">
  <testcase classname="StepDefinition.iframeandalerts" name="iframemethod" time="1.213"/>
  <testcase classname="StepDefinition.iframeandalerts" name="iframewithalerts" time="6.491"/>
  <testcase classname="StepDefinition.iframeandalerts" name="iframewithcaptcha" time="0.239"/>
</testsuite> <!-- StepDefinition.iframeandalerts -->
