<?xml version="1.0" encoding="UTF-8"?>
<!-- Generated by org.testng.reporters.JUnitReportReporter -->
<testsuite hostname="DESKTOP-HAIIK4K" failures="0" tests="1" name="TestRunner.testrunner3" time="0.117" errors="1" timestamp="2026-04-17T19:36:39 IST" skipped="0">
  <testcase classname="TestRunner.testrunner3" name="runScenario" time="0.117">
    <error message="The step &#039;given&#039; and 2 other step(s) are undefined.
You can implement these steps using the snippet(s) below:

@Given(&quot;given&quot;)
public void given() {
    // Write code here that turns the phrase above into concrete actions
    throw new io.cucumber.java.PendingException();
}
@When(&quot;when&quot;)
public void when() {
    // Write code here that turns the phrase above into concrete actions
    throw new io.cucumber.java.PendingException();
}
@Then(&quot;then&quot;)
public void then() {
    // Write code here that turns the phrase above into concrete actions
    throw new io.cucumber.java.PendingException();
}
" type="io.cucumber.testng.UndefinedStepException">
      <![CDATA[io.cucumber.testng.UndefinedStepException: The step 'given' and 2 other step(s) are undefined.
You can implement these steps using the snippet(s) below:

@Given("given")
public void given() {
    // Write code here that turns the phrase above into concrete actions
    throw new io.cucumber.java.PendingException();
}
@When("when")
public void when() {
    // Write code here that turns the phrase above into concrete actions
    throw new io.cucumber.java.PendingException();
}
@Then("then")
public void then() {
    // Write code here that turns the phrase above into concrete actions
    throw new io.cucumber.java.PendingException();
}

at ✽.given(file:///C:/Users/PC/git/AutomationTestStore/AutomationTestStore/src/test/resources/Feature/test.feature:3)
]]>
    </error>
  </testcase> <!-- runScenario -->
</testsuite> <!-- TestRunner.testrunner3 -->
