<?xml version="1.0" encoding="UTF-8"?>
<!-- Generated by org.testng.reporters.JUnitReportReporter -->
<testsuite hostname="DESKTOP-HAIIK4K" failures="0" tests="2" name="StepDefinition.windowspracticeagain" time="9.339" errors="0" timestamp="2026-05-08T20:13:29 IST" skipped="0">
  <testcase classname="StepDefinition.windowspracticeagain" name="method1" time="5.401"/>
  <testcase classname="StepDefinition.windowspracticeagain" name="method2" time="3.938"/>
</testsuite> <!-- StepDefinition.windowspracticeagain -->
